This is pdfTeX, Version 3.141592653-2.6-1.40.27 (MiKTeX 25.4) (preloaded format=pdflatex 2025.6.9)  27 APR 2026 21:39
entering extended mode
 restricted \write18 enabled.
 %&-line parsing enabled.
**./main.tex
(main.tex
LaTeX2e <2025-06-01>
L3 programming layer <2025-05-26>
(C:\Users\DELL\AppData\Local\Programs\MiKTeX\tex/latex/base\article.cls
Document Class: article 2025/01/22 v1.4n Standard LaTeX document class
(C:\Users\DELL\AppData\Local\Programs\MiKTeX\tex/latex/base\size12.clo
File: size12.clo 2025/01/22 v1.4n Standard LaTeX file (size option)
)
\c@part=\count275
\c@section=\count276
\c@subsection=\count277
\c@subsubsection=\count278
\c@paragraph=\count279
\c@subparagraph=\count280
\c@figure=\count281
\c@table=\count282
\abovecaptionskip=\skip49
\belowcaptionskip=\skip50
\bibindent=\dimen148
)
(C:\Users\DELL\AppData\Local\Programs\MiKTeX\tex/latex/base\inputenc.sty
Package: inputenc 2024/02/08 v1.3d Input encoding file
\inpenc@prehook=\toks17
\inpenc@posthook=\toks18
)
(C:\Users\DELL\AppData\Local\Programs\MiKTeX\tex/latex/base\fontenc.sty
Package: fontenc 2024/12/21 v2.1c Standard LaTeX package
)
(C:\Users\DELL\AppData\Local\Programs\MiKTeX\tex/generic/babel\babel.sty
Package: babel 2025/05/14 v25.9 The multilingual framework for pdfLaTeX, LuaLaT
eX and XeLaTeX
\babel@savecnt=\count283
LaTeX Encoding Info:    Redeclaring text command \ij (encoding OT1) on input li
ne 2043.
LaTeX Encoding Info:    Redeclaring text command \IJ (encoding OT1) on input li
ne 2045.
LaTeX Encoding Info:    Redeclaring text command \ij (encoding T1) on input lin
e 2047.
LaTeX Encoding Info:    Redeclaring text command \IJ (encoding T1) on input lin
e 2048.
LaTeX Encoding Info:    Ignoring declaration for text command \ij (encoding ?) 
on input line 2049.
LaTeX Encoding Info:    Ignoring declaration for text command \IJ (encoding ?) 
on input line 2051.
LaTeX Encoding Info:    Ignoring declaration for text command \SS (encoding ?) 
on input line 2076.
\U@D=\dimen149
\l@unhyphenated=\language79

(C:\Users\DELL\AppData\Local\Programs\MiKTeX\tex/generic/babel\txtbabel.def)
\bbl@readstream=\read2
\bbl@dirlevel=\count284

*************************************
* Local config file bblopts.cfg used
*
(C:\Users\DELL\AppData\Local\Programs\MiKTeX\tex/latex/arabi\bblopts.cfg
File: bblopts.cfg 2005/09/08 v0.1 add Arabic and Farsi to "declared" options of
 babel
)
(C:\Users\DELL\AppData\Local\Programs\MiKTeX\tex/latex/babel-portuges\brazil.ld
f
Language: portuges 2021/07/09 v1.2t Portuguese support from the babel system
Package babel Info: Hyphen rules for 'brazil' set to \l@portuguese
(babel)             (\language56). Reported on input line 111.
Package babel Info: Making " an active character on input line 143.
)) (C:\Users\DELL\AppData\Local\Programs\MiKTeX\tex/latex/amsmath\amsmath.sty
Package: amsmath 2025/05/18 v2.17x AMS math features
\@mathmargin=\skip51

For additional information on amsmath, use the `?' option.
(C:\Users\DELL\AppData\Local\Programs\MiKTeX\tex/latex/amsmath\amstext.sty
Package: amstext 2024/11/17 v2.01 AMS text

(C:\Users\DELL\AppData\Local\Programs\MiKTeX\tex/latex/amsmath\amsgen.sty
File: amsgen.sty 1999/11/30 v2.0 generic functions
\@emptytoks=\toks19
\ex@=\dimen150
))
(C:\Users\DELL\AppData\Local\Programs\MiKTeX\tex/latex/amsmath\amsbsy.sty
Package: amsbsy 1999/11/29 v1.2d Bold Symbols
\pmbraise@=\dimen151
)
(C:\Users\DELL\AppData\Local\Programs\MiKTeX\tex/latex/amsmath\amsopn.sty
Package: amsopn 2022/04/08 v2.04 operator names
)
\inf@bad=\count285
LaTeX Info: Redefining \frac on input line 233.
\uproot@=\count286
\leftroot@=\count287
LaTeX Info: Redefining \overline on input line 398.
LaTeX Info: Redefining \colon on input line 409.
\classnum@=\count288
\DOTSCASE@=\count289
LaTeX Info: Redefining \ldots on input line 495.
LaTeX Info: Redefining \dots on input line 498.
LaTeX Info: Redefining \cdots on input line 619.
\Mathstrutbox@=\box53
\strutbox@=\box54
LaTeX Info: Redefining \big on input line 721.
LaTeX Info: Redefining \Big on input line 722.
LaTeX Info: Redefining \bigg on input line 723.
LaTeX Info: Redefining \Bigg on input line 724.
\big@size=\dimen152
LaTeX Font Info:    Redeclaring font encoding OML on input line 742.
LaTeX Font Info:    Redeclaring font encoding OMS on input line 743.
\macc@depth=\count290
LaTeX Info: Redefining \bmod on input line 904.
LaTeX Info: Redefining \pmod on input line 909.
LaTeX Info: Redefining \smash on input line 939.
LaTeX Info: Redefining \relbar on input line 969.
LaTeX Info: Redefining \Relbar on input line 970.
\c@MaxMatrixCols=\count291
\dotsspace@=\muskip17
\c@parentequation=\count292
\dspbrk@lvl=\count293
\tag@help=\toks20
\row@=\count294
\column@=\count295
\maxfields@=\count296
\andhelp@=\toks21
\eqnshift@=\dimen153
\alignsep@=\dimen154
\tagshift@=\dimen155
\tagwidth@=\dimen156
\totwidth@=\dimen157
\lineht@=\dimen158
\@envbody=\toks22
\multlinegap=\skip52
\multlinetaggap=\skip53
\mathdisplay@stack=\toks23
LaTeX Info: Redefining \[ on input line 2949.
LaTeX Info: Redefining \] on input line 2950.
)
(C:\Users\DELL\AppData\Local\Programs\MiKTeX\tex/latex/amsfonts\amssymb.sty
Package: amssymb 2013/01/14 v3.01 AMS font symbols

(C:\Users\DELL\AppData\Local\Programs\MiKTeX\tex/latex/amsfonts\amsfonts.sty
Package: amsfonts 2013/01/14 v3.01 Basic AMSFonts support
\symAMSa=\mathgroup4
\symAMSb=\mathgroup5
LaTeX Font Info:    Redeclaring math symbol \hbar on input line 98.
LaTeX Font Info:    Overwriting math alphabet `\mathfrak' in version `bold'
(Font)                  U/euf/m/n --> U/euf/b/n on input line 106.
))
(C:\Users\DELL\AppData\Local\Programs\MiKTeX\tex/latex/booktabs\booktabs.sty
Package: booktabs 2020/01/12 v1.61803398 Publication quality tables
\heavyrulewidth=\dimen159
\lightrulewidth=\dimen160
\cmidrulewidth=\dimen161
\belowrulesep=\dimen162
\belowbottomsep=\dimen163
\aboverulesep=\dimen164
\abovetopsep=\dimen165
\cmidrulesep=\dimen166
\cmidrulekern=\dimen167
\defaultaddspace=\dimen168
\@cmidla=\count297
\@cmidlb=\count298
\@aboverulesep=\dimen169
\@belowrulesep=\dimen170
\@thisruleclass=\count299
\@lastruleclass=\count300
\@thisrulewidth=\dimen171
)
(C:\Users\DELL\AppData\Local\Programs\MiKTeX\tex/latex/graphics\graphicx.sty
Package: graphicx 2024/12/31 v1.2e Enhanced LaTeX Graphics (DPC,SPQR)

(C:\Users\DELL\AppData\Local\Programs\MiKTeX\tex/latex/graphics\keyval.sty
Package: keyval 2022/05/29 v1.15 key=value parser (DPC)
\KV@toks@=\toks24
)
(C:\Users\DELL\AppData\Local\Programs\MiKTeX\tex/latex/graphics\graphics.sty
Package: graphics 2024/08/06 v1.4g Standard LaTeX Graphics (DPC,SPQR)

(C:\Users\DELL\AppData\Local\Programs\MiKTeX\tex/latex/graphics\trig.sty
Package: trig 2023/12/02 v1.11 sin cos tan (DPC)
)
(C:\Users\DELL\AppData\Local\Programs\MiKTeX\tex/latex/graphics-cfg\graphics.cf
g
File: graphics.cfg 2016/06/04 v1.11 sample graphics configuration
)
Package graphics Info: Driver file: pdftex.def on input line 106.

(C:\Users\DELL\AppData\Local\Programs\MiKTeX\tex/latex/graphics-def\pdftex.def
File: pdftex.def 2024/04/13 v1.2c Graphics/color driver for pdftex
))
\Gin@req@height=\dimen172
\Gin@req@width=\dimen173
) (C:\Users\DELL\AppData\Local\Programs\MiKTeX\tex/latex/geometry\geometry.sty
Package: geometry 2020/01/02 v5.9 Page Geometry
(C:\Users\DELL\AppData\Local\Programs\MiKTeX\tex/generic/iftex\ifvtex.sty
Package: ifvtex 2019/10/25 v1.7 ifvtex legacy package. Use iftex instead.

(C:\Users\DELL\AppData\Local\Programs\MiKTeX\tex/generic/iftex\iftex.sty
Package: iftex 2024/12/12 v1.0g TeX engine tests
))
\Gm@cnth=\count301
\Gm@cntv=\count302
\c@Gm@tempcnt=\count303
\Gm@bindingoffset=\dimen174
\Gm@wd@mp=\dimen175
\Gm@odd@mp=\dimen176
\Gm@even@mp=\dimen177
\Gm@layoutwidth=\dimen178
\Gm@layoutheight=\dimen179
\Gm@layouthoffset=\dimen180
\Gm@layoutvoffset=\dimen181
\Gm@dimlist=\toks25

(C:\Users\DELL\AppData\Local\Programs\MiKTeX\tex/latex/geometry\geometry.cfg))
(C:\Users\DELL\AppData\Local\Programs\MiKTeX\tex/latex/caption\caption.sty
Package: caption 2023/08/05 v3.6o Customizing captions (AR)

(C:\Users\DELL\AppData\Local\Programs\MiKTeX\tex/latex/caption\caption3.sty
Package: caption3 2023/07/31 v2.4d caption3 kernel (AR)
\caption@tempdima=\dimen182
\captionmargin=\dimen183
\caption@leftmargin=\dimen184
\caption@rightmargin=\dimen185
\caption@width=\dimen186
\caption@indent=\dimen187
\caption@parindent=\dimen188
\caption@hangindent=\dimen189
Package caption Info: Standard document class detected.
)
\c@caption@flags=\count304
\c@continuedfloat=\count305
)
(C:\Users\DELL\AppData\Local\Programs\MiKTeX\tex/latex/placeins\placeins.sty
Package: placeins 2005/04/18  v 2.2
)
(C:\Users\DELL\AppData\Local\Programs\MiKTeX\tex/latex/l3backend\l3backend-pdft
ex.def
File: l3backend-pdftex.def 2025-04-14 L3 backend support: PDF output (pdfTeX)
\l__color_backend_stack_int=\count306
) (main.aux
Package babel Info: 'brazil' activates 'portuges' shorthands.
(babel)             Reported  on input line 5.
)
\openout1 = `main.aux'.

LaTeX Font Info:    Checking defaults for OML/cmm/m/it on input line 17.
LaTeX Font Info:    ... okay on input line 17.
LaTeX Font Info:    Checking defaults for OMS/cmsy/m/n on input line 17.
LaTeX Font Info:    ... okay on input line 17.
LaTeX Font Info:    Checking defaults for OT1/cmr/m/n on input line 17.
LaTeX Font Info:    ... okay on input line 17.
LaTeX Font Info:    Checking defaults for T1/cmr/m/n on input line 17.
LaTeX Font Info:    ... okay on input line 17.
LaTeX Font Info:    Checking defaults for TS1/cmr/m/n on input line 17.
LaTeX Font Info:    ... okay on input line 17.
LaTeX Font Info:    Checking defaults for OMX/cmex/m/n on input line 17.
LaTeX Font Info:    ... okay on input line 17.
LaTeX Font Info:    Checking defaults for U/cmr/m/n on input line 17.
LaTeX Font Info:    ... okay on input line 17.

(C:\Users\DELL\AppData\Local\Programs\MiKTeX\tex/context/base/mkii\supp-pdf.mki
i
[Loading MPS to PDF converter (version 2006.09.02).]
\scratchcounter=\count307
\scratchdimen=\dimen190
\scratchbox=\box55
\nofMPsegments=\count308
\nofMParguments=\count309
\everyMPshowfont=\toks26
\MPscratchCnt=\count310
\MPscratchDim=\dimen191
\MPnumerator=\count311
\makeMPintoPDFobject=\count312
\everyMPtoPDFconversion=\toks27
)
(C:\Users\DELL\AppData\Local\Programs\MiKTeX\tex/latex/epstopdf-pkg\epstopdf-ba
se.sty
Package: epstopdf-base 2020-01-24 v2.11 Base part for package epstopdf
Package epstopdf-base Info: Redefining graphics rule for `.eps' on input line 4
85.

(C:\Users\DELL\AppData\Local\Programs\MiKTeX\tex/latex/00miktex\epstopdf-sys.cf
g
File: epstopdf-sys.cfg 2021/03/18 v2.0 Configuration of epstopdf for MiKTeX
))
*geometry* driver: auto-detecting
*geometry* detected driver: pdftex
*geometry* verbose mode - [ preamble ] result:
* driver: pdftex
* paper: a4paper
* layout: <same size as paper>
* layoutoffset:(h,v)=(0.0pt,0.0pt)
* modes: 
* h-part:(L,W,R)=(71.13188pt, 455.24411pt, 71.13188pt)
* v-part:(T,H,B)=(71.13188pt, 702.78308pt, 71.13188pt)
* \paperwidth=597.50787pt
* \paperheight=845.04684pt
* \textwidth=455.24411pt
* \textheight=702.78308pt
* \oddsidemargin=-1.1381pt
* \evensidemargin=-1.1381pt
* \topmargin=-38.1381pt
* \headheight=12.0pt
* \headsep=25.0pt
* \topskip=12.0pt
* \footskip=30.0pt
* \marginparwidth=35.0pt
* \marginparsep=10.0pt
* \columnsep=10.0pt
* \skip\footins=10.8pt plus 4.0pt minus 2.0pt
* \hoffset=0.0pt
* \voffset=0.0pt
* \mag=1000
* \@twocolumnfalse
* \@twosidefalse
* \@mparswitchfalse
* \@reversemarginfalse
* (1in=72.27pt=25.4mm, 1cm=28.453pt)

Package caption Info: Begin \AtBeginDocument code.
Package caption Info: End \AtBeginDocument code.
LaTeX Font Info:    Trying to load font information for U+msa on input line 19.

(C:\Users\DELL\AppData\Local\Programs\MiKTeX\tex/latex/amsfonts\umsa.fd
File: umsa.fd 2013/01/14 v3.01 AMS symbols A
)
LaTeX Font Info:    Trying to load font information for U+msb on input line 19.


(C:\Users\DELL\AppData\Local\Programs\MiKTeX\tex/latex/amsfonts\umsb.fd
File: umsb.fd 2013/01/14 v3.01 AMS symbols B
)

[1

{C:/Users/DELL/AppData/Local/MiKTeX/fonts/map/pdftex/pdftex.map}]
<figures/configuracao_original_q2_q7/bayes.png, id=23, 305.943pt x 327.624pt>
File: figures/configuracao_original_q2_q7/bayes.png Graphic file (type png)
<use figures/configuracao_original_q2_q7/bayes.png>
Package pdftex.def Info: figures/configuracao_original_q2_q7/bayes.png  used on
 input line 109.
(pdftex.def)             Requested size: 250.38564pt x 268.1335pt.


[2 <./figures/configuracao_original_q2_q7/bayes.png>]

[3]
<figures/configuracao_original_q2_q7/euclidiano.png, id=33, 305.943pt x 327.624
pt>
File: figures/configuracao_original_q2_q7/euclidiano.png Graphic file (type png
)
<use figures/configuracao_original_q2_q7/euclidiano.png>
Package pdftex.def Info: figures/configuracao_original_q2_q7/euclidiano.png  us
ed on input line 202.
(pdftex.def)             Requested size: 250.38564pt x 268.1335pt.


[4 <./figures/configuracao_original_q2_q7/euclidiano.png>]
<figures/configuracao_original_q2_q7/bayes_ingenuo.png, id=39, 305.943pt x 327.
624pt>
File: figures/configuracao_original_q2_q7/bayes_ingenuo.png Graphic file (type 
png)
<use figures/configuracao_original_q2_q7/bayes_ingenuo.png>
Package pdftex.def Info: figures/configuracao_original_q2_q7/bayes_ingenuo.png 
 used on input line 235.
(pdftex.def)             Requested size: 250.38564pt x 268.1335pt.
<figures/configuracao_original_q2_q7/knn_k1.png, id=40, 305.943pt x 327.624pt>
File: figures/configuracao_original_q2_q7/knn_k1.png Graphic file (type png)
<use figures/configuracao_original_q2_q7/knn_k1.png>
Package pdftex.def Info: figures/configuracao_original_q2_q7/knn_k1.png  used o
n input line 263.
(pdftex.def)             Requested size: 145.68144pt x 156.00294pt.
<figures/configuracao_original_q2_q7/knn_k5.png, id=41, 305.943pt x 327.624pt>
File: figures/configuracao_original_q2_q7/knn_k5.png Graphic file (type png)
<use figures/configuracao_original_q2_q7/knn_k5.png>
Package pdftex.def Info: figures/configuracao_original_q2_q7/knn_k5.png  used o
n input line 267.
(pdftex.def)             Requested size: 145.68144pt x 156.00294pt.
<figures/configuracao_original_q2_q7/knn_k11.png, id=42, 305.943pt x 327.624pt>

File: figures/configuracao_original_q2_q7/knn_k11.png Graphic file (type png)
<use figures/configuracao_original_q2_q7/knn_k11.png>
Package pdftex.def Info: figures/configuracao_original_q2_q7/knn_k11.png  used 
on input line 271.
(pdftex.def)             Requested size: 145.68144pt x 156.00294pt.


[5 <./figures/configuracao_original_q2_q7/bayes_ingenuo.png>]

[6 <./figures/configuracao_original_q2_q7/knn_k1.png> <./figures/configuracao_o
riginal_q2_q7/knn_k5.png> <./figures/configuracao_original_q2_q7/knn_k11.png>]
<figures/questao_8__nova_configuracao/bayes.png, id=53, 349.7065pt x 327.624pt>

File: figures/questao_8__nova_configuracao/bayes.png Graphic file (type png)
<use figures/questao_8__nova_configuracao/bayes.png>
Package pdftex.def Info: figures/questao_8__nova_configuracao/bayes.png  used o
n input line 387.
(pdftex.def)             Requested size: 250.38564pt x 234.57431pt.


[7]
<figures/questao_8__nova_configuracao/euclidiano.png, id=58, 349.7065pt x 327.6
24pt>
File: figures/questao_8__nova_configuracao/euclidiano.png Graphic file (type pn
g)
<use figures/questao_8__nova_configuracao/euclidiano.png>
Package pdftex.def Info: figures/questao_8__nova_configuracao/euclidiano.png  u
sed on input line 456.
(pdftex.def)             Requested size: 250.38564pt x 234.57431pt.


[8 <./figures/questao_8__nova_configuracao/bayes.png>]

[9 <./figures/questao_8__nova_configuracao/euclidiano.png>]
<figures/questao_8__nova_configuracao/bayes_ingenuo.png, id=67, 349.7065pt x 32
7.624pt>
File: figures/questao_8__nova_configuracao/bayes_ingenuo.png Graphic file (type
 png)
<use figures/questao_8__nova_configuracao/bayes_ingenuo.png>
Package pdftex.def Info: figures/questao_8__nova_configuracao/bayes_ingenuo.png
  used on input line 476.
(pdftex.def)             Requested size: 250.38564pt x 234.57431pt.
<figures/questao_8__nova_configuracao/knn_k1.png, id=68, 349.7065pt x 327.624pt
>
File: figures/questao_8__nova_configuracao/knn_k1.png Graphic file (type png)
<use figures/questao_8__nova_configuracao/knn_k1.png>
Package pdftex.def Info: figures/questao_8__nova_configuracao/knn_k1.png  used 
on input line 493.
(pdftex.def)             Requested size: 145.68144pt x 136.48132pt.
<figures/questao_8__nova_configuracao/knn_k5.png, id=69, 349.7065pt x 327.624pt
>
File: figures/questao_8__nova_configuracao/knn_k5.png Graphic file (type png)
<use figures/questao_8__nova_configuracao/knn_k5.png>
Package pdftex.def Info: figures/questao_8__nova_configuracao/knn_k5.png  used 
on input line 497.
(pdftex.def)             Requested size: 145.68144pt x 136.48132pt.
<figures/questao_8__nova_configuracao/knn_k11.png, id=70, 349.7065pt x 327.624p
t>
File: figures/questao_8__nova_configuracao/knn_k11.png Graphic file (type png)
<use figures/questao_8__nova_configuracao/knn_k11.png>
Package pdftex.def Info: figures/questao_8__nova_configuracao/knn_k11.png  used
 on input line 501.
(pdftex.def)             Requested size: 145.68144pt x 136.48132pt.


[10 <./figures/questao_8__nova_configuracao/bayes_ingenuo.png> <./figures/quest
ao_8__nova_configuracao/knn_k1.png> <./figures/questao_8__nova_configuracao/knn
_k5.png> <./figures/questao_8__nova_configuracao/knn_k11.png>]

[11]

[12

] (main.aux)
 ***********
LaTeX2e <2025-06-01>
L3 programming layer <2025-05-26>
 ***********
 ) 
Here is how much of TeX's memory you used:
 6024 strings out of 468225
 101118 string characters out of 5433458
 511351 words of memory out of 5000000
 34484 multiletter control sequences out of 15000+600000
 650011 words of font info for 110 fonts, out of 8000000 for 9000
 1141 hyphenation exceptions out of 8191
 57i,12n,65p,256b,325s stack positions out of 10000i,1000n,20000p,200000b,200000s
 <C:\Users\DELL\AppData\Local\MiKTeX\fonts/pk/ljfour/jknappen/ec/dpi600\tcrm1
200.pk> <C:\Users\DELL\AppData\Local\MiKTeX\fonts/pk/ljfour/jknappen/ec/dpi600\
ecrm0800.pk> <C:\Users\DELL\AppData\Local\MiKTeX\fonts/pk/ljfour/jknappen/ec/dp
i600\ecti1200.pk> <C:\Users\DELL\AppData\Local\MiKTeX\fonts/pk/ljfour/jknappen/
ec/dpi600\ecbx1728.pk> <C:\Users\DELL\AppData\Local\MiKTeX\fonts/pk/ljfour/jkna
ppen/ec/dpi600\ecbx1440.pk> <C:\Users\DELL\AppData\Local\MiKTeX\fonts/pk/ljfour
/jknappen/ec/dpi600\ectt1200.pk> <C:\Users\DELL\AppData\Local\MiKTeX\fonts/pk/l
jfour/jknappen/ec/dpi600\ecrm1200.pk> <C:\Users\DELL\AppData\Local\MiKTeX\fonts
/pk/ljfour/jknappen/ec/dpi600\ecbx1200.pk> <C:\Users\DELL\AppData\Local\MiKTeX\
fonts/pk/ljfour/jknappen/ec/dpi600\ecrm1440.pk> <C:\Users\DELL\AppData\Local\Mi
KTeX\fonts/pk/ljfour/jknappen/ec/dpi600\ecrm2074.pk><C:/Users/DELL/AppData/Loca
l/Programs/MiKTeX/fonts/type1/public/amsfonts/cm/cmbx12.pfb><C:/Users/DELL/AppD
ata/Local/Programs/MiKTeX/fonts/type1/public/amsfonts/cm/cmex10.pfb><C:/Users/D
ELL/AppData/Local/Programs/MiKTeX/fonts/type1/public/amsfonts/cm/cmmi10.pfb><C:
/Users/DELL/AppData/Local/Programs/MiKTeX/fonts/type1/public/amsfonts/cm/cmmi12
.pfb><C:/Users/DELL/AppData/Local/Programs/MiKTeX/fonts/type1/public/amsfonts/c
m/cmmi8.pfb><C:/Users/DELL/AppData/Local/Programs/MiKTeX/fonts/type1/public/ams
fonts/cm/cmr10.pfb><C:/Users/DELL/AppData/Local/Programs/MiKTeX/fonts/type1/pub
lic/amsfonts/cm/cmr12.pfb><C:/Users/DELL/AppData/Local/Programs/MiKTeX/fonts/ty
pe1/public/amsfonts/cm/cmr8.pfb><C:/Users/DELL/AppData/Local/Programs/MiKTeX/fo
nts/type1/public/amsfonts/cm/cmsy10.pfb><C:/Users/DELL/AppData/Local/Programs/M
iKTeX/fonts/type1/public/amsfonts/cm/cmsy8.pfb><C:/Users/DELL/AppData/Local/Pro
grams/MiKTeX/fonts/type1/public/amsfonts/cm/cmtt12.pfb>
Output written on main.pdf (12 pages, 992104 bytes).
PDF statistics:
 483 PDF objects out of 1000 (max. 8388607)
 0 named destinations out of 1000 (max. 500000)
 61 words of extra memory for PDF output out of 10000 (max. 10000000)

